<?xml version="1.0" encoding="UTF-8"?>
<!-- Generated by org.testng.reporters.JUnitXMLReporter -->
<testsuite ignored="0" hostname="LAPTOP-J9GPTN5H" failures="0" tests="3" name="Default test" time="48.226" errors="0" timestamp="2026-01-18T14:22:04 IST">
  <testcase classname="com.orangehrm.tests.LoginTest" name="verifyLogin" time="5.276"/>
  <testcase classname="com.orangehrm.tests.LoginTest" name="verifyLogin" time="5.216"/>
  <testcase classname="com.orangehrm.tests.LoginTest" name="verifyLogin" time="4.13"/>
</testsuite> <!-- Default test -->
