<?xml version="1.0" encoding="UTF-8"?>
<testng-results ignored="0" total="3" passed="3" failed="0" skipped="0">
  <reporter-output>
  </reporter-output>
  <suite started-at="2026-01-18T14:21:15 IST" name="Default suite" finished-at="2026-01-18T14:22:04 IST" duration-ms="48226">
    <groups>
    </groups>
    <test started-at="2026-01-18T14:21:15 IST" name="Default test" finished-at="2026-01-18T14:22:04 IST" duration-ms="48226">
      <class name="com.orangehrm.tests.LoginTest">
        <test-method is-config="true" signature="launchApplication()[pri:0, instance:com.orangehrm.tests.LoginTest@38425407]" started-at="2026-01-18T14:21:16 IST" name="launchApplication" finished-at="2026-01-18T14:21:31 IST" duration-ms="15068" status="PASS">
          <reporter-output>
          </reporter-output>
        </test-method> <!-- launchApplication -->
        <test-method signature="verifyLogin(java.lang.String,java.lang.String,java.lang.String)[pri:0, instance:com.orangehrm.tests.LoginTest@38425407]" started-at="2026-01-18T14:21:31 IST" name="verifyLogin" data-provider="loginData" finished-at="2026-01-18T14:21:36 IST" duration-ms="5276" status="PASS">
          <params>
            <param index="0">
              <value>
                <![CDATA[Admin]]>
              </value>
            </param>
            <param index="1">
              <value>
                <![CDATA[admin123]]>
              </value>
            </param>
            <param index="2">
              <value>
                <![CDATA[PASS]]>
              </value>
            </param>
          </params>
          <reporter-output>
          </reporter-output>
        </test-method> <!-- verifyLogin -->
        <test-method is-config="true" signature="closeBrowser()[pri:0, instance:com.orangehrm.tests.LoginTest@38425407]" started-at="2026-01-18T14:21:36 IST" name="closeBrowser" finished-at="2026-01-18T14:21:37 IST" duration-ms="1037" status="PASS">
          <reporter-output>
          </reporter-output>
        </test-method> <!-- closeBrowser -->
        <test-method is-config="true" signature="launchApplication()[pri:0, instance:com.orangehrm.tests.LoginTest@38425407]" started-at="2026-01-18T14:21:37 IST" name="launchApplication" finished-at="2026-01-18T14:21:44 IST" duration-ms="7273" status="PASS">
          <reporter-output>
          </reporter-output>
        </test-method> <!-- launchApplication -->
        <test-method signature="verifyLogin(java.lang.String,java.lang.String,java.lang.String)[pri:0, instance:com.orangehrm.tests.LoginTest@38425407]" started-at="2026-01-18T14:21:44 IST" name="verifyLogin" data-provider="loginData" finished-at="2026-01-18T14:21:49 IST" duration-ms="5216" status="PASS">
          <params>
            <param index="0">
              <value>
                <![CDATA[Admin]]>
              </value>
            </param>
            <param index="1">
              <value>
                <![CDATA[wrongPass]]>
              </value>
            </param>
            <param index="2">
              <value>
                <![CDATA[FAIL]]>
              </value>
            </param>
          </params>
          <reporter-output>
          </reporter-output>
        </test-method> <!-- verifyLogin -->
        <test-method is-config="true" signature="closeBrowser()[pri:0, instance:com.orangehrm.tests.LoginTest@38425407]" started-at="2026-01-18T14:21:49 IST" name="closeBrowser" finished-at="2026-01-18T14:21:50 IST" duration-ms="541" status="PASS">
          <reporter-output>
          </reporter-output>
        </test-method> <!-- closeBrowser -->
        <test-method is-config="true" signature="launchApplication()[pri:0, instance:com.orangehrm.tests.LoginTest@38425407]" started-at="2026-01-18T14:21:50 IST" name="launchApplication" finished-at="2026-01-18T14:21:58 IST" duration-ms="8225" status="PASS">
          <reporter-output>
          </reporter-output>
        </test-method> <!-- launchApplication -->
        <test-method signature="verifyLogin(java.lang.String,java.lang.String,java.lang.String)[pri:0, instance:com.orangehrm.tests.LoginTest@38425407]" started-at="2026-01-18T14:21:58 IST" name="verifyLogin" data-provider="loginData" finished-at="2026-01-18T14:22:02 IST" duration-ms="4130" status="PASS">
          <params>
            <param index="0">
              <value>
                <![CDATA[wrong]]>
              </value>
            </param>
            <param index="1">
              <value>
                <![CDATA[admin123]]>
              </value>
            </param>
            <param index="2">
              <value>
                <![CDATA[FAIL]]>
              </value>
            </param>
          </params>
          <reporter-output>
          </reporter-output>
        </test-method> <!-- verifyLogin -->
        <test-method is-config="true" signature="closeBrowser()[pri:0, instance:com.orangehrm.tests.LoginTest@38425407]" started-at="2026-01-18T14:22:02 IST" name="closeBrowser" finished-at="2026-01-18T14:22:04 IST" duration-ms="1354" status="PASS">
          <reporter-output>
          </reporter-output>
        </test-method> <!-- closeBrowser -->
      </class> <!-- com.orangehrm.tests.LoginTest -->
    </test> <!-- Default test -->
  </suite> <!-- Default suite -->
</testng-results>
