<?xml version="1.0" encoding="UTF-8"?>
<!-- Generated by org.testng.reporters.JUnitReportReporter -->
<testsuite hostname="LAPTOP-J9GPTN5H" failures="0" tests="3" name="com.orangehrm.tests.LoginTest" time="48.120" errors="0" timestamp="2026-01-18T14:22:04 IST" skipped="0">
  <testcase classname="com.orangehrm.tests.LoginTest" name="verifyLogin" time="13.982"/>
  <testcase classname="com.orangehrm.tests.LoginTest" name="verifyLogin" time="12.757"/>
  <testcase classname="com.orangehrm.tests.LoginTest" name="verifyLogin" time="21.381"/>
</testsuite> <!-- com.orangehrm.tests.LoginTest -->
